Using pre-set license
Built from 'cph-hack/nativearray-ref-returns' branch; Version is '2020.2.0b8-dots.1 (6eeb0d6092fd) revision 7269133'; Using compiler version '192528614'; Build Type 'Debug'
OS: 'Windows 10  (10.0.0) 64bit' Language: 'en' Physical Memory: 65209 MB
BatchMode: 1, IsHumanControllingUs: 0, StartBugReporterOnCrash: 0, Is64bit: 1, IsPro: 0

 COMMAND LINE ARGUMENTS:
C:\Repos\Unity_1\build\WindowsEditor\Unity.exe
-adb2
-batchMode
-noUpm
-name
AssetImportWorker0
-projectPath
C:/Repos/cph-hack-unity/CPH-Hack
-logFile
Logs/AssetImportWorker0.log
-srvPort
50578
Successfully changed project path to: C:/Repos/cph-hack-unity/CPH-Hack
C:/Repos/cph-hack-unity/CPH-Hack
Using Asset Import Pipeline V2.
Refreshing native plugins compatible for Editor in 181.32 ms, found 1 plugins.
Preloading 0 native plugins for Editor in 0.00 ms.
Initialize engine version: 2020.2.0b8-dots.1 (6eeb0d6092fd)
[Subsystems] Discovering subsystems at path C:/Repos/Unity_1/build/WindowsEditor/Data/Resources/UnitySubsystems
[Subsystems] Discovering subsystems at path C:/Repos/cph-hack-unity/CPH-Hack/Assets
GfxDevice: creating device client; threaded=0
Successfully created d3d11 device with debug flag.
Direct3D:
    Version:  Direct3D 11.0 [level 11.1]
    Renderer: NVIDIA GeForce RTX 2070 (ID=0x1f07)
    Vendor:   
    VRAM:     8031 MB
    Driver:   26.21.14.3200
Initialize mono
Mono path[0] = 'C:/Repos/Unity_1/build/WindowsEditor/Data/Managed'
Mono path[1] = 'C:/Repos/Unity_1/build/WindowsEditor/Data/MonoBleedingEdge/lib/mono/unityjit'
Mono config path = 'C:/Repos/Unity_1/build/WindowsEditor/Data/MonoBleedingEdge/etc'
Using monoOptions --debugger-agent=transport=dt_socket,embedding=1,server=y,suspend=n,address=127.0.0.1:56452
Begin MonoManager ReloadAssembly
Registering precompiled unity dll's ...
Registered in 0.001773 seconds.
Refreshing native plugins compatible for Editor in 174.44 ms, found 1 plugins.
Preloading 0 native plugins for Editor in 0.00 ms.
Invoked RoslynAnalysisRunner static constructor.
RoslynAnalysisRunner will not be running.
Temp/RoslynAnalysisRunner has been deleted.
RoslynAnalysisRunner has terminated.
Mono: successfully reloaded assembly
- Completed reload, in  1.220 seconds
Platform modules already initialized, skipping
Registering precompiled user dll's ...
Registered in 0.009858 seconds.
Begin MonoManager ReloadAssembly
Symbol file LoadedFromMemory doesn't match image C:\Repos\cph-hack-unity\CPH-Hack\Library\PackageCache\com.unity.ext.nunit@1.0.0\net35\unity-custom\nunit.framework.dll
Error: Could not load signature of Unity.Entities.Hybrid.CodeGen.AuthoringComponentPostProcessor:CreateBufferElementDataAuthoringType due to: Could not load file or assembly 'Mono.Cecil, Version=0.10.0.0, Culture=neutral, PublicKeyToken=50cebf1cceb9d05e' or one of its dependencies. assembly:Mono.Cecil, Version=0.10.0.0, Culture=neutral, PublicKeyToken=50cebf1cceb9d05e type:<unknown type> member:(null) signature:<none>

Can't find custom attr constructor image: C:\Repos\cph-hack-unity\CPH-Hack\Library\ScriptAssemblies\Unity.Burst.dll mtoken: 0x0a00000c due to: Could not load file or assembly 'Unity.Burst.Unsafe, Version=4.0.5.0, Culture=neutral, PublicKeyToken=null' or one of its dependencies. assembly:Unity.Burst.Unsafe, Version=4.0.5.0, Culture=neutral, PublicKeyToken=null type:<unknown type> member:(null) signature:<none>
Can't find custom attr constructor image: C:\Repos\cph-hack-unity\CPH-Hack\Library\ScriptAssemblies\Unity.Burst.dll mtoken: 0x0a00000c due to: Could not load file or assembly 'Unity.Burst.Unsafe, Version=4.0.5.0, Culture=neutral, PublicKeyToken=null' or one of its dependencies. assembly:Unity.Burst.Unsafe, Version=4.0.5.0, Culture=neutral, PublicKeyToken=null type:<unknown type> member:(null) signature:<none>
Error: Could not load signature of Unity.Build.Classic.ClassicBuildProfile:get_Platform due to: Could not load file or assembly 'bee, Version=0.0.0.0, Culture=neutral, PublicKeyToken=null' or one of its dependencies. assembly:bee, Version=0.0.0.0, Culture=neutral, PublicKeyToken=null type:<unknown type> member:(null) signature:<none>

Error: Could not load signature of Unity.Build.Classic.Private.BuildPipelineSelector:IsBuildPipelineValid due to: Could not load file or assembly 'bee, Version=0.0.0.0, Culture=neutral, PublicKeyToken=null' or one of its dependencies. assembly:bee, Version=0.0.0.0, Culture=neutral, PublicKeyToken=null type:<unknown type> member:(null) signature:<none>

Error: Could not load signature of Unity.Entities.Editor.Decompiler:StartDecompilationProcesses due to: Could not load file or assembly 'Mono.Cecil, Version=0.10.0.0, Culture=neutral, PublicKeyToken=50cebf1cceb9d05e' or one of its dependencies. assembly:Mono.Cecil, Version=0.10.0.0, Culture=neutral, PublicKeyToken=50cebf1cceb9d05e type:<unknown type> member:(null) signature:<none>

Error: Could not load signature of Unity.Entities.CodeGen.BlobAssetSafetyVerifier:PostProcessImpl due to: Could not load file or assembly 'Mono.Cecil, Version=0.10.0.0, Culture=neutral, PublicKeyToken=50cebf1cceb9d05e' or one of its dependencies. assembly:Mono.Cecil, Version=0.10.0.0, Culture=neutral, PublicKeyToken=50cebf1cceb9d05e type:<unknown type> member:(null) signature:<none>

Error: Could not load signature of Unity.Properties.TypeResolver:For due to: Could not load file or assembly 'Mono.Cecil, Version=0.10.0.0, Culture=neutral, PublicKeyToken=50cebf1cceb9d05e' or one of its dependencies. assembly:Mono.Cecil, Version=0.10.0.0, Culture=neutral, PublicKeyToken=50cebf1cceb9d05e type:<unknown type> member:(null) signature:<none>

Could not load signature of Unity.Build.Classic.Private.ClassicPipelineBase:get_Platform due to: Could not load file or assembly 'bee, Version=0.0.0.0, Culture=neutral, PublicKeyToken=null' or one of its dependencies. assembly:bee, Version=0.0.0.0, Culture=neutral, PublicKeyToken=null type:<unknown type> member:(null) signature:<none>
Could not load signature of Unity.Entities.Editor.PostprocessedILWindow:GetTypeDefinition due to: Could not load file or assembly 'Mono.Cecil, Version=0.10.0.0, Culture=neutral, PublicKeyToken=50cebf1cceb9d05e' or one of its dependencies. assembly:Mono.Cecil, Version=0.10.0.0, Culture=neutral, PublicKeyToken=50cebf1cceb9d05e type:<unknown type> member:(null) signature:<none>
Could not load signature of Unity.Entities.Editor.PostprocessedILWindow:CreateAssemblyDefinitionFor due to: Could not load file or assembly 'Mono.Cecil, Version=0.10.0.0, Culture=neutral, PublicKeyToken=50cebf1cceb9d05e' or one of its dependencies. assembly:Mono.Cecil, Version=0.10.0.0, Culture=neutral, PublicKeyToken=50cebf1cceb9d05e type:<unknown type> member:(null) signature:<none>
Unloading broken assembly Library/ScriptAssemblies/Unity.Entities.Hybrid.CodeGen.dll, this assembly can cause crashes in the runtime

Unloading broken assembly Library/ScriptAssemblies/Unity.Build.Classic.dll, this assembly can cause crashes in the runtime

Unloading broken assembly Library/ScriptAssemblies/Unity.Build.Classic.Private.dll, this assembly can cause crashes in the runtime

Unloading broken assembly Library/ScriptAssemblies/Unity.Entities.Editor.dll, this assembly can cause crashes in the runtime

Unloading broken assembly Library/ScriptAssemblies/Unity.Entities.CodeGen.dll, this assembly can cause crashes in the runtime

Unloading broken assembly Library/ScriptAssemblies/Unity.Properties.CodeGen.dll, this assembly can cause crashes in the runtime

Refreshing native plugins compatible for Editor in 172.03 ms, found 1 plugins.
Preloading 0 native plugins for Editor in 0.00 ms.
System.IO.FileNotFoundException: Could not load file or assembly 'Unity.Burst.Unsafe, Version=4.0.5.0, Culture=neutral, PublicKeyToken=null' or one of its dependencies.
File name: 'Unity.Burst.Unsafe, Version=4.0.5.0, Culture=neutral, PublicKeyToken=null'
  at Unity.Collections.NativeHashMap`2[TKey,TValue]..ctor (System.Int32 capacity, Unity.Collections.Allocator allocator, System.Int32 disposeSentinelStackDepth) [0x00022] in C:\Repos\cph-hack-unity\CPH-Hack\Library\PackageCache\com.unity.collections@0.14.0-preview.16\Unity.Collections\NativeHashMap.cs:127 
  at Unity.Collections.NativeHashMap`2[TKey,TValue]..ctor (System.Int32 capacity, Unity.Collections.Allocator allocator) [0x00000] in C:\Repos\cph-hack-unity\CPH-Hack\Library\PackageCache\com.unity.collections@0.14.0-preview.16\Unity.Collections\NativeHashMap.cs:116 
  at Unity.Entities.TypeManager.Initialize () [0x000a4] in C:\Repos\cph-hack-unity\CPH-Hack\Library\PackageCache\com.unity.entities@0.16.0-preview.21\Unity.Entities\Types\TypeManager.cs:444 
  at Unity.Entities.AttachToEntityClonerInjection.Initialize () [0x00001] in C:\Repos\cph-hack-unity\CPH-Hack\Library\PackageCache\com.unity.entities@0.16.0-preview.21\Unity.Entities.Hybrid\Injection\CompanionGameObject.cs:28 
  at Unity.Entities.AttachToEntityClonerInjection..cctor () [0x00001] in C:\Repos\cph-hack-unity\CPH-Hack\Library\PackageCache\com.unity.entities@0.16.0-preview.21\Unity.Entities.Hybrid\Injection\CompanionGameObject.cs:22 
UnityEngine.StackTraceUtility:ExtractStackTrace () (at C:/Repos/Unity_1/Runtime/Export/Scripting/StackTrace.cs:37)
UnityEngine.DebugLogHandler:LogFormat (UnityEngine.LogType,UnityEngine.Object,string,object[])
UnityEngine.Logger:Log (UnityEngine.LogType,object)
UnityEngine.Debug:LogError (object)
UnityEditor.EditorAssemblies:ProcessInitializeOnLoadAttributes (System.Type[]) (at C:/Repos/Unity_1/Editor/Mono/EditorAssemblies.cs:118)

(Filename: C:/Repos/Unity_1/Runtime/Export/Scripting/StackTrace.cs Line: 37)

A Native Collection has not been disposed, resulting in a memory leak. Enable Full StackTraces to get more details.

Invoked RoslynAnalysisRunner static constructor.
RoslynAnalysisRunner will not be running.
RoslynAnalysisRunner has terminated.
FileNotFoundException: Could not load file or assembly 'Unity.Burst.Unsafe, Version=4.0.5.0, Culture=neutral, PublicKeyToken=null' or one of its dependencies.
  at Unity.Collections.NativeList`1[T]..ctor (System.Int32 initialCapacity, Unity.Collections.Allocator allocator, System.Int32 disposeSentinelStackDepth) [0x0003b] in C:\Repos\cph-hack-unity\CPH-Hack\Library\PackageCache\com.unity.collections@0.14.0-preview.16\Unity.Collections\NativeList.cs:124 
  at Unity.Collections.NativeList`1[T]..ctor (Unity.Collections.Allocator allocator) [0x00000] in C:\Repos\cph-hack-unity\CPH-Hack\Library\PackageCache\com.unity.collections@0.14.0-preview.16\Unity.Collections\NativeList.cs:98 
  at Unity.Scenes.Editor.EditorSceneLiveLinkToPlayerSendSystem.OnEnable () [0x00001] in C:\Repos\cph-hack-unity\CPH-Hack\Library\PackageCache\com.unity.entities@0.16.0-preview.21\Unity.Scenes.Editor\EditorSceneLiveLinkToPlayerSendSystem.cs:189 
UnityEngine.ScriptableObject:CreateScriptableObjectInstanceFromType(Type, Boolean)
UnityEngine.ScriptableObject:CreateInstance(Type) (at C:\Repos\Unity_1\Runtime\Export\Scripting\ScriptableObject.bindings.cs:34)
UnityEngine.ScriptableObject:CreateInstance() (at C:\Repos\Unity_1\Runtime\Export\Scripting\ScriptableObject.bindings.cs:40)
UnityEditor.ScriptableSingleton`1:CreateAndLoad() (at C:\Repos\Unity_1\Editor\Mono\ScriptableSingleton.cs:108)
UnityEditor.ScriptableSingleton`1:get_instance() (at C:\Repos\Unity_1\Editor\Mono\ScriptableSingleton.cs:72)
Unity.Scenes.Editor.LiveLinkEditorEventSystem:InitializeLiveLinkSystems() (at Library\PackageCache\com.unity.entities@0.16.0-preview.21\Unity.Scenes.Editor\LiveLink\LiveLinkEditorEventSystem.cs:10)

(Filename: Library/PackageCache/com.unity.collections@0.14.0-preview.16/Unity.Collections/NativeList.cs Line: 124)

Mono: successfully reloaded assembly
- Completed reload, in  2.487 seconds
Platform modules already initialized, skipping
========================================================================
Worker process is ready to serve import requests
Launched and connected shader compiler UnityShaderCompiler.exe after 0.05 seconds
Refreshing native plugins compatible for Editor in 1.92 ms, found 1 plugins.
Preloading 0 native plugins for Editor in 0.00 ms.
Unloading 2836 Unused Serialized files (Serialized files now loaded: 0)
System memory in use before: 119.7 MB.
System memory in use after: 119.9 MB.

Unloading 25 unused Assets to reduce memory usage. Loaded Objects now: 3269.
Total: 5.743300 ms (FindLiveObjects: 1.493200 ms CreateObjectMapping: 0.391000 ms MarkObjects: 3.592800 ms  DeleteObjects: 0.260400 ms)

========================================================================
Received Import Request.
  path: Assets/RoslynAnalyzers
  artifactKey: Guid(bab54742d048f734786cad9c971f069c) Importer(815301076,1909f56bfc062723c751e8b465ee728b)
Start importing Assets/RoslynAnalyzers using Guid(bab54742d048f734786cad9c971f069c) Importer(815301076,1909f56bfc062723c751e8b465ee728b)  -> (artifact id: 'd1e143164fd7f89928c93a3a2d3e0be9') in 0.022456 seconds
  Import took 0.038813 seconds .

AssetImportWorkerClient::OnTransportError - code=2 error=End of file
